<?xml version="1.0" encoding="UTF-8"?>
<!-- Generated by org.testng.reporters.JUnitXMLReporter -->
<testsuite hostname="fa064016" failures="1" tests="3" name="FolderAPITest" time="6.512" errors="0" timestamp="27 Jun 2023 10:39:12 GMT">
  <testcase classname="testScript.API" name="runAPITest" time="1.727"/>
  <testcase classname="testScript.API" name="runAPITest" time="1.227"/>
  <testcase classname="testScript.API" name="runAPITest" time="3.509">
    <failure type="java.lang.AssertionError" message="expected [true] but found [false]">
      <![CDATA[java.lang.AssertionError: expected [true] but found [false]
	at testScript.API.runAPITest(API.java:351)
	at utility.GenerateTestNGXml.CreateTestNGXml(GenerateTestNGXml.java:53)
	at launch.Master.main(Master.java:36)
... Removed 25 stack frames]]>
    </failure>
  </testcase> <!-- runAPITest -->
</testsuite> <!-- FolderAPITest -->
