<?xml version="1.0" encoding="UTF-8"?>
<!-- Generated by org.testng.reporters.JUnitXMLReporter -->
<testsuite hostname="fa064016" failures="1" tests="3" name="FolderAPITest" time="1.822" errors="0" timestamp="10 Jul 2023 11:20:25 GMT">
  <testcase classname="testScript.API" name="runAPITest" time="0.363"/>
  <testcase classname="testScript.API" name="runAPITest" time="0.536"/>
  <testcase classname="testScript.API" name="runAPITest" time="0.891">
    <failure type="java.lang.AssertionError" message="expected [true] but found [false]">
      <![CDATA[java.lang.AssertionError: expected [true] but found [false]
	at testScript.API.runAPITest(API.java:351)
	at utility.GenerateTestNGXml.CreateTestNGXml(GenerateTestNGXml.java:53)
	at launch.Master.main(Master.java:35)
... Removed 24 stack frames]]>
    </failure>
  </testcase> <!-- runAPITest -->
</testsuite> <!-- FolderAPITest -->
