<?xml version="1.0" encoding="UTF-8"?>
<!-- Generated by org.testng.reporters.JUnitXMLReporter -->
<testsuite hostname="fa064016" failures="1" tests="1" name="CompanyService@mongoTest" time="5.312" errors="0" timestamp="27 Jun 2023 10:38:22 GMT">
  <testcase classname="testScript.API" name="runAPITest" time="5.302">
    <failure type="java.lang.AssertionError" message="expected [true] but found [false]">
      <![CDATA[java.lang.AssertionError: expected [true] but found [false]
	at testScript.API.runAPITest(API.java:363)
	at utility.GenerateTestNGXml.CreateTestNGXml(GenerateTestNGXml.java:53)
	at launch.Master.main(Master.java:49)
... Removed 25 stack frames]]>
    </failure>
  </testcase> <!-- runAPITest -->
</testsuite> <!-- CompanyService@mongoTest -->
