<?xml version="1.0" encoding="UTF-8"?>
<testng-results total="5" passed="5" failed="0" skipped="0">
  <reporter-output>
  </reporter-output>
  <suite started-at="2023-07-13T10:18:06Z" name="FolderApi@mongo" finished-at="2023-07-13T10:18:08Z" duration-ms="1960">
    <groups>
    </groups>
    <test started-at="2023-07-13T10:18:06Z" name="FolderApi@mongoTest" finished-at="2023-07-13T10:18:08Z" duration-ms="1960">
      <class name="testScript.API">
        <test-method is-config="true" signature="reporting(org.testng.ITestContext)[pri:0, instance:testScript.API@7748410a]" started-at="2023-07-13T15:48:06Z" name="reporting" finished-at="2023-07-13T15:48:06Z" duration-ms="79" status="PASS">
          <params>
            <param index="0">
              <value>
                <![CDATA[org.testng.TestRunner@2921a36a]]>
              </value>
            </param>
          </params>
          <reporter-output>
          </reporter-output>
        </test-method> <!-- reporting -->
        <test-method signature="runAPITest(java.util.Map)[pri:0, instance:testScript.API@7748410a]" started-at="2023-07-13T15:48:06Z" name="runAPITest" data-provider="getInput" finished-at="2023-07-13T15:48:07Z" duration-ms="1251" status="PASS">
          <params>
            <param index="0">
              <value>
                <![CDATA[{isRunableApi=yes, ResponseHeaderExpressionValidation=NA, Description=This test is to validate rlogin API., RequestCookies=_did=%%rnd, ResponseBodySchema=NA, BasePath=/recruit/login, PathParameters=NA, ResponseBodyParameters=NA, TestCaseName=rLogin, RequestParameters=NA, ResponseHeaderValidation=Server=nginx, RequestHeaders=AppId=121;SystemId=jobseeker;Accept-Encoding=gzip,deflate;cache-control=no-cache;Accept=*/*;Content-Type=application/json, BaseURI=https://www.naukri.com, RequestBody=NA, ResponseHeadersToBeSaved=NA, ResponseCode=200, MultiPartData=NA, ResponseCookiesToBeSaved=NA, ResponseBodyFieldToBeSaved=token=auth_token, RandomValues=rnd=String(12), ResponseBodyExpressionValidation=NA, QueryParameters=NA, ResponseType=HTML, ResponseBody=NA, ResponseCookieExpressionValidation=bs_rnd*len=8;bs_rnd*typeof=String, ResponseCookieValidation=test=naukri.com, DependOnTest=NA, RequestType=GET}]]>
              </value>
            </param>
          </params>
          <reporter-output>
          </reporter-output>
        </test-method> <!-- runAPITest -->
        <test-method signature="runAPITest(java.util.Map)[pri:0, instance:testScript.API@7748410a]" started-at="2023-07-13T15:48:07Z" name="runAPITest" data-provider="getInput" finished-at="2023-07-13T15:48:08Z" duration-ms="702" status="PASS">
          <params>
            <param index="0">
              <value>
                <![CDATA[{isRunableApi=yes, ResponseHeaderExpressionValidation=NA, Description=This test is to validate login service API., RequestCookies=_did=%%rnd, ResponseBodySchema=NA, BasePath=/Login/loginService, PathParameters=NA, ResponseBodyParameters=NA, TestCaseName=loginService, RequestParameters=NA, ResponseHeaderValidation=Content-Type=application/json; charset=utf-8, RequestHeaders=AppId=121;SystemId=jobseeker;Accept-Encoding=gzip,deflate;cache-control=no-cache;Accept=*/*;Content-Type=application/json, BaseURI=https://login.recruit.naukri.com, RequestBody=NA, ResponseHeadersToBeSaved=NA, ResponseCode=200, MultiPartData=NA, ResponseCookiesToBeSaved=strUNID=UNID, ResponseBodyFieldToBeSaved=NA, RandomValues=NA, ResponseBodyExpressionValidation=NA, QueryParameters=username=company16@yopmail.com;password=P@ssw0rd100;g-recaptcha-response='';URL=https://recruit.naukri.com/;isIE7=false;csrf=%%token, ResponseType=JSON, ResponseBody=NA, ResponseCookieExpressionValidation=NA, ResponseCookieValidation=ER=deleted;ERV=deleted, DependOnTest=rLogin, RequestType=POST}]]>
              </value>
            </param>
          </params>
          <reporter-output>
          </reporter-output>
        </test-method> <!-- runAPITest -->
        <test-method is-config="true" signature="afterMethod()[pri:0, instance:testScript.API@7748410a]" started-at="2023-07-13T15:48:07Z" name="afterMethod" finished-at="2023-07-13T15:48:07Z" duration-ms="0" status="PASS">
          <reporter-output>
          </reporter-output>
        </test-method> <!-- afterMethod -->
        <test-method is-config="true" signature="afterMethod()[pri:0, instance:testScript.API@7748410a]" started-at="2023-07-13T15:48:08Z" name="afterMethod" finished-at="2023-07-13T15:48:08Z" duration-ms="0" status="PASS">
          <reporter-output>
          </reporter-output>
        </test-method> <!-- afterMethod -->
        <test-method is-config="true" signature="afterSuite()[pri:0, instance:testScript.API@7748410a]" started-at="2023-07-13T15:48:08Z" name="afterSuite" finished-at="2023-07-13T15:48:08Z" duration-ms="77" status="PASS">
          <reporter-output>
          </reporter-output>
        </test-method> <!-- afterSuite -->
      </class> <!-- testScript.API -->
    </test> <!-- FolderApi@mongoTest -->
  </suite> <!-- FolderApi@mongo -->
  <suite started-at="2023-07-13T10:18:08Z" name="VideoKYC@mongo" finished-at="2023-07-13T10:18:09Z" duration-ms="1789">
    <groups>
    </groups>
    <test started-at="2023-07-13T10:18:08Z" name="VideoKYC@mongoTest" finished-at="2023-07-13T10:18:09Z" duration-ms="1789">
      <class name="testScript.API">
        <test-method is-config="true" signature="reporting(org.testng.ITestContext)[pri:0, instance:testScript.API@6c779568]" started-at="2023-07-13T15:48:08Z" name="reporting" finished-at="2023-07-13T15:48:08Z" duration-ms="3" status="PASS">
          <params>
            <param index="0">
              <value>
                <![CDATA[org.testng.TestRunner@2b73bd6b]]>
              </value>
            </param>
          </params>
          <reporter-output>
          </reporter-output>
        </test-method> <!-- reporting -->
        <test-method signature="runAPITest(java.util.Map)[pri:0, instance:testScript.API@6c779568]" started-at="2023-07-13T15:48:08Z" name="runAPITest" data-provider="getInput" finished-at="2023-07-13T15:48:09Z" duration-ms="1787" status="PASS">
          <params>
            <param index="0">
              <value>
                <![CDATA[{isRunableApi=yes, ResponseHeaderExpressionValidation=NA, Description=This test is to validate post API for upload image., RequestCookies=NA, ResponseBodySchema=NA, BasePath=/upload, PathParameters=NA, ResponseBodyParameters=NA, TestCaseName=uploadImage, RequestParameters=NA, ResponseHeaderValidation=NA, RequestHeaders=Content-Type=multipart/form-data;Accept-Encoding=gzip,deflate;cache-control=no-cache;Accept=*/*, BaseURI=https://v2.convertapi.com, RequestBody=NA, ResponseHeadersToBeSaved=NA, ResponseCode=200, MultiPartData=file=VideoKYC\\files\\Naukri_[3y_0m].doc, ResponseCookiesToBeSaved=NA, ResponseBodyFieldToBeSaved=NA, RandomValues=NA, ResponseBodyExpressionValidation=NA, QueryParameters=NA, ResponseType=JSON, ResponseBody=NA, ResponseCookieExpressionValidation=NA, ResponseCookieValidation=NA, DependOnTest=NA, RequestType=POST}]]>
              </value>
            </param>
          </params>
          <reporter-output>
          </reporter-output>
        </test-method> <!-- runAPITest -->
        <test-method is-config="true" signature="afterMethod()[pri:0, instance:testScript.API@6c779568]" started-at="2023-07-13T15:48:09Z" name="afterMethod" finished-at="2023-07-13T15:48:09Z" duration-ms="0" status="PASS">
          <reporter-output>
          </reporter-output>
        </test-method> <!-- afterMethod -->
        <test-method is-config="true" signature="afterSuite()[pri:0, instance:testScript.API@6c779568]" started-at="2023-07-13T15:48:09Z" name="afterSuite" finished-at="2023-07-13T15:48:09Z" duration-ms="18" status="PASS">
          <reporter-output>
          </reporter-output>
        </test-method> <!-- afterSuite -->
      </class> <!-- testScript.API -->
    </test> <!-- VideoKYC@mongoTest -->
  </suite> <!-- VideoKYC@mongo -->
  <suite started-at="2023-07-13T10:18:09Z" name="zipp@mongo" finished-at="2023-07-13T10:18:11Z" duration-ms="1533">
    <groups>
    </groups>
    <test started-at="2023-07-13T10:18:09Z" name="zipp@mongoTest" finished-at="2023-07-13T10:18:11Z" duration-ms="1533">
      <class name="testScript.API">
        <test-method is-config="true" signature="reporting(org.testng.ITestContext)[pri:0, instance:testScript.API@524d6d96]" started-at="2023-07-13T15:48:09Z" name="reporting" finished-at="2023-07-13T15:48:09Z" duration-ms="2" status="PASS">
          <params>
            <param index="0">
              <value>
                <![CDATA[org.testng.TestRunner@157d3a45]]>
              </value>
            </param>
          </params>
          <reporter-output>
          </reporter-output>
        </test-method> <!-- reporting -->
        <test-method signature="runAPITest(java.util.Map)[pri:0, instance:testScript.API@524d6d96]" started-at="2023-07-13T15:48:09Z" name="runAPITest" data-provider="getInput" finished-at="2023-07-13T15:48:11Z" duration-ms="1531" status="PASS">
          <params>
            <param index="0">
              <value>
                <![CDATA[{isRunableApi=yes, ResponseHeaderExpressionValidation=NA, Description=This test is to validate get API., RequestCookies=NA, ResponseBodySchema=NA, BasePath=/33162, PathParameters=NA, ResponseBodyParameters=NA, TestCaseName=zipp1, RequestParameters=NA, ResponseHeaderValidation=NA, RequestHeaders=NA, BaseURI=https://api.zippopotam.us/us, RequestBody=NA, ResponseHeadersToBeSaved=NA, ResponseCode=200, MultiPartData=NA, ResponseCookiesToBeSaved=NA, ResponseBodyFieldToBeSaved=NA, RandomValues=NA, ResponseBodyExpressionValidation=NA, QueryParameters=NA, ResponseType=JSON, ResponseBody={"post code": "33162", "country": "United States", "country abbreviation": "US", "places": [{"place name": "Miami", "longitude": "-80.183", "state": "Florida", "state abbreviation": "FL", "latitude": "25.9286"}]}, ResponseCookieExpressionValidation=NA, ResponseCookieValidation=NA, DependOnTest=NA, RequestType=GET}]]>
              </value>
            </param>
          </params>
          <reporter-output>
          </reporter-output>
        </test-method> <!-- runAPITest -->
        <test-method is-config="true" signature="afterMethod()[pri:0, instance:testScript.API@524d6d96]" started-at="2023-07-13T15:48:11Z" name="afterMethod" finished-at="2023-07-13T15:48:11Z" duration-ms="0" status="PASS">
          <reporter-output>
          </reporter-output>
        </test-method> <!-- afterMethod -->
        <test-method is-config="true" signature="afterSuite()[pri:0, instance:testScript.API@524d6d96]" started-at="2023-07-13T15:48:11Z" name="afterSuite" finished-at="2023-07-13T15:48:11Z" duration-ms="12" status="PASS">
          <reporter-output>
          </reporter-output>
        </test-method> <!-- afterSuite -->
      </class> <!-- testScript.API -->
    </test> <!-- zipp@mongoTest -->
  </suite> <!-- zipp@mongo -->
  <suite started-at="2023-07-13T10:18:11Z" name="CompanyService@mongo" finished-at="2023-07-13T10:18:11Z" duration-ms="4">
    <groups>
    </groups>
    <test started-at="2023-07-13T10:18:11Z" name="CompanyService@mongoTest" finished-at="2023-07-13T10:18:11Z" duration-ms="4">
      <class name="testScript.API">
        <test-method is-config="true" signature="reporting(org.testng.ITestContext)[pri:0, instance:testScript.API@1bb266b3]" started-at="2023-07-13T15:48:11Z" name="reporting" finished-at="2023-07-13T15:48:11Z" duration-ms="1" status="PASS">
          <params>
            <param index="0">
              <value>
                <![CDATA[org.testng.TestRunner@750ed637]]>
              </value>
            </param>
          </params>
          <reporter-output>
          </reporter-output>
        </test-method> <!-- reporting -->
        <test-method signature="runAPITest(java.util.Map)[pri:0, instance:testScript.API@1bb266b3]" started-at="2023-07-13T15:48:11Z" name="runAPITest" data-provider="getInput" finished-at="2023-07-13T15:48:11Z" duration-ms="2" status="PASS">
          <params>
            <param index="0">
              <value>
                <![CDATA[{isRunableApi=yes, ResponseHeaderExpressionValidation=NA, Description=This test is to validate Get City API with city id value as 1., RequestCookies=NA, ResponseBodySchema=CompanyService\\sample.txt, BasePath=/cities/{cityID}, PathParameters=cityID=1, ResponseBodyParameters=NA, TestCaseName=GetCity_1, RequestParameters=NA, ResponseHeaderValidation=NA, RequestHeaders=AppId=114;SystemId=naukriIndia;Accept-Encoding=gzip,deflate;cache-control=no-cache;Accept=*/*;Content-Type=application/json, BaseURI=http://services.test2.mnr-services-test2.cluster.infoedge.com/company-services/company-service-refactor, RequestBody=NA, ResponseHeadersToBeSaved=NA, ResponseCode=200, MultiPartData=NA, ResponseCookiesToBeSaved=NA, ResponseBodyFieldToBeSaved=NA, RandomValues=NA, ResponseBodyExpressionValidation=NA, QueryParameters=NA, ResponseType=JSON, ResponseBody={"cityId":1,"city":"Mathura_23","stateId":100,"countryId":1000,"stdCode":10000,"gulfCityId":"180.28","gulfCountryId":180}, ResponseCookieExpressionValidation=NA, ResponseCookieValidation=NA, DependOnTest=NA, RequestType=}]]>
              </value>
            </param>
          </params>
          <reporter-output>
          </reporter-output>
        </test-method> <!-- runAPITest -->
        <test-method is-config="true" signature="afterMethod()[pri:0, instance:testScript.API@1bb266b3]" started-at="2023-07-13T15:48:11Z" name="afterMethod" finished-at="2023-07-13T15:48:11Z" duration-ms="0" status="PASS">
          <reporter-output>
          </reporter-output>
        </test-method> <!-- afterMethod -->
        <test-method is-config="true" signature="afterSuite()[pri:0, instance:testScript.API@1bb266b3]" started-at="2023-07-13T15:48:11Z" name="afterSuite" finished-at="2023-07-13T15:48:11Z" duration-ms="11" status="PASS">
          <reporter-output>
          </reporter-output>
        </test-method> <!-- afterSuite -->
      </class> <!-- testScript.API -->
    </test> <!-- CompanyService@mongoTest -->
  </suite> <!-- CompanyService@mongo -->
</testng-results>
