<?xml version="1.0" encoding="UTF-8"?>
<!-- Generated by org.testng.reporters.JUnitXMLReporter -->
<testsuite hostname="fa064016" failures="1" tests="11" name="CompanyServiceTest" time="1.496" errors="0" timestamp="13 Jul 2023 09:42:34 GMT">
  <testcase classname="testScript.API" name="runAPITest" time="1.432"/>
  <testcase classname="testScript.API" name="runAPITest" time="0.008"/>
  <testcase classname="testScript.API" name="runAPITest" time="0.005"/>
  <testcase classname="testScript.API" name="runAPITest" time="0.004"/>
  <testcase classname="testScript.API" name="runAPITest" time="0.004"/>
  <testcase classname="testScript.API" name="runAPITest" time="0.006"/>
  <testcase classname="testScript.API" name="runAPITest" time="0.004"/>
  <testcase classname="testScript.API" name="runAPITest" time="0.001">
    <failure type="java.lang.AssertionError" message="expected [true] but found [false]">
      <![CDATA[java.lang.AssertionError: expected [true] but found [false]
	at testScript.API.runAPITest(API.java:376)
	at utility.GenerateTestNGXml.CreateTestNGXml(GenerateTestNGXml.java:53)
	at launch.Master.main(Master.java:35)
... Removed 25 stack frames]]>
    </failure>
  </testcase> <!-- runAPITest -->
  <testcase classname="testScript.API" name="runAPITest" time="0.007"/>
  <testcase classname="testScript.API" name="runAPITest" time="0.004"/>
  <testcase classname="testScript.API" name="runAPITest" time="0.007"/>
</testsuite> <!-- CompanyServiceTest -->
