<?xml version="1.0" encoding="UTF-8"?>
<!-- Generated by org.testng.reporters.JUnitXMLReporter -->
<testsuite hostname="fa064016" failures="10" tests="10" name="CompanyServiceTest" time="0.503" errors="0" timestamp="29 Jun 2023 09:18:29 GMT">
  <testcase classname="testScript.API" name="runAPITest" time="0.107">
    <failure type="java.lang.AssertionError" message="expected [true] but found [false]">
      <![CDATA[java.lang.AssertionError: expected [true] but found [false]
	at testScript.API.runAPITest(API.java:363)
	at utility.GenerateTestNGXml.CreateTestNGXml(GenerateTestNGXml.java:53)
	at launch.Master.main(Master.java:36)
... Removed 25 stack frames]]>
    </failure>
  </testcase> <!-- runAPITest -->
  <testcase classname="testScript.API" name="runAPITest" time="0.039">
    <failure type="java.lang.AssertionError" message="expected [true] but found [false]">
      <![CDATA[java.lang.AssertionError: expected [true] but found [false]
	at testScript.API.runAPITest(API.java:363)
	at utility.GenerateTestNGXml.CreateTestNGXml(GenerateTestNGXml.java:53)
	at launch.Master.main(Master.java:36)
... Removed 25 stack frames]]>
    </failure>
  </testcase> <!-- runAPITest -->
  <testcase classname="testScript.API" name="runAPITest" time="0.033">
    <failure type="java.lang.AssertionError" message="expected [true] but found [false]">
      <![CDATA[java.lang.AssertionError: expected [true] but found [false]
	at testScript.API.runAPITest(API.java:363)
	at utility.GenerateTestNGXml.CreateTestNGXml(GenerateTestNGXml.java:53)
	at launch.Master.main(Master.java:36)
... Removed 25 stack frames]]>
    </failure>
  </testcase> <!-- runAPITest -->
  <testcase classname="testScript.API" name="runAPITest" time="0.035">
    <failure type="java.lang.AssertionError" message="expected [true] but found [false]">
      <![CDATA[java.lang.AssertionError: expected [true] but found [false]
	at testScript.API.runAPITest(API.java:363)
	at utility.GenerateTestNGXml.CreateTestNGXml(GenerateTestNGXml.java:53)
	at launch.Master.main(Master.java:36)
... Removed 25 stack frames]]>
    </failure>
  </testcase> <!-- runAPITest -->
  <testcase classname="testScript.API" name="runAPITest" time="0.029">
    <failure type="java.lang.AssertionError" message="expected [true] but found [false]">
      <![CDATA[java.lang.AssertionError: expected [true] but found [false]
	at testScript.API.runAPITest(API.java:363)
	at utility.GenerateTestNGXml.CreateTestNGXml(GenerateTestNGXml.java:53)
	at launch.Master.main(Master.java:36)
... Removed 25 stack frames]]>
    </failure>
  </testcase> <!-- runAPITest -->
  <testcase classname="testScript.API" name="runAPITest" time="0.037">
    <failure type="java.lang.AssertionError" message="expected [true] but found [false]">
      <![CDATA[java.lang.AssertionError: expected [true] but found [false]
	at testScript.API.runAPITest(API.java:363)
	at utility.GenerateTestNGXml.CreateTestNGXml(GenerateTestNGXml.java:53)
	at launch.Master.main(Master.java:36)
... Removed 25 stack frames]]>
    </failure>
  </testcase> <!-- runAPITest -->
  <testcase classname="testScript.API" name="runAPITest" time="0.04">
    <failure type="java.lang.AssertionError" message="expected [true] but found [false]">
      <![CDATA[java.lang.AssertionError: expected [true] but found [false]
	at testScript.API.runAPITest(API.java:363)
	at utility.GenerateTestNGXml.CreateTestNGXml(GenerateTestNGXml.java:53)
	at launch.Master.main(Master.java:36)
... Removed 25 stack frames]]>
    </failure>
  </testcase> <!-- runAPITest -->
  <testcase classname="testScript.API" name="runAPITest" time="0.042">
    <failure type="java.lang.AssertionError" message="expected [true] but found [false]">
      <![CDATA[java.lang.AssertionError: expected [true] but found [false]
	at testScript.API.runAPITest(API.java:363)
	at utility.GenerateTestNGXml.CreateTestNGXml(GenerateTestNGXml.java:53)
	at launch.Master.main(Master.java:36)
... Removed 25 stack frames]]>
    </failure>
  </testcase> <!-- runAPITest -->
  <testcase classname="testScript.API" name="runAPITest" time="0.042">
    <failure type="java.lang.AssertionError" message="expected [true] but found [false]">
      <![CDATA[java.lang.AssertionError: expected [true] but found [false]
	at testScript.API.runAPITest(API.java:363)
	at utility.GenerateTestNGXml.CreateTestNGXml(GenerateTestNGXml.java:53)
	at launch.Master.main(Master.java:36)
... Removed 25 stack frames]]>
    </failure>
  </testcase> <!-- runAPITest -->
  <testcase classname="testScript.API" name="runAPITest" time="0.031">
    <failure type="java.lang.AssertionError" message="expected [true] but found [false]">
      <![CDATA[java.lang.AssertionError: expected [true] but found [false]
	at testScript.API.runAPITest(API.java:363)
	at utility.GenerateTestNGXml.CreateTestNGXml(GenerateTestNGXml.java:53)
	at launch.Master.main(Master.java:36)
... Removed 25 stack frames]]>
    </failure>
  </testcase> <!-- runAPITest -->
</testsuite> <!-- CompanyServiceTest -->
