<?xml version="1.0" encoding="UTF-8"?>
<!-- Generated by org.testng.reporters.JUnitXMLReporter -->
<testsuite hostname="fa064016" failures="1" tests="2" name="FolderApi@mongoTest" time="1.698" errors="0" timestamp="28 Jun 2023 05:14:25 GMT">
  <testcase classname="testScript.API" name="runAPITest" time="1.125"/>
  <testcase classname="testScript.API" name="runAPITest" time="0.563">
    <failure type="java.lang.AssertionError" message="expected [true] but found [false]">
      <![CDATA[java.lang.AssertionError: expected [true] but found [false]
	at testScript.API.runAPITest(API.java:228)
	at utility.GenerateTestNGXml.CreateTestNGXml(GenerateTestNGXml.java:53)
	at launch.Master.main(Master.java:49)
... Removed 25 stack frames]]>
    </failure>
  </testcase> <!-- runAPITest -->
</testsuite> <!-- FolderApi@mongoTest -->
